<?xml version="1.0" encoding="UTF-8"?>
<!-- Generated by org.testng.reporters.JUnitXMLReporter -->
<testsuite ignored="1" hostname="DESKTOP-A602HLO" failures="0" tests="2" name="APITests" time="5.033" errors="0" timestamp="2021-01-20T16:16:42 EST">
  <testcase classname="APItests.APITestCOVID" name="testAPIGetData" time="3.987"/>
  <testcase classname="APItests.APITestCOVID" name="testAPIGetCountryData" time="0.989"/>
  <testcase classname="APItests.APITestCOVID" name="getCountryCallTotalCasesATString" time="0.0">
    <ignored/>
  </testcase> <!-- getCountryCallTotalCasesATString -->
</testsuite> <!-- APITests -->
