<?xml version="1.0" encoding="UTF-8"?>
<testng-results ignored="0" total="9" passed="9" failed="0" skipped="0">
  <reporter-output>
  </reporter-output>
  <suite started-at="2021-01-19T18:29:16 EST" name="TestSuite" finished-at="2021-01-19T18:32:24 EST" duration-ms="188577">
    <groups>
    </groups>
    <test started-at="2021-01-19T18:29:16 EST" name="ChromeTestCasesRegistration" finished-at="2021-01-19T18:32:24 EST" duration-ms="188577">
      <class name="com.romanceabroad.ui.RegistrationTest">
        <test-method is-config="true" signature="setup(java.lang.String, java.lang.reflect.Method)[pri:0, instance:com.romanceabroad.ui.RegistrationTest@20140db9]" started-at="2021-01-19T18:29:16 EST" name="setup" finished-at="2021-01-19T18:29:23 EST" duration-ms="7533" status="PASS">
          <params>
            <param index="0">
              <value>
                <![CDATA[chrome]]>
              </value>
            </param>
            <param index="1">
              <value>
                <![CDATA[public void com.romanceabroad.ui.RegistrationTest.signUpDataValidationPopUpHome(java.lang.String,java.lang.String,boolean)]]>
              </value>
            </param>
          </params>
          <reporter-output>
          </reporter-output>
        </test-method> <!-- setup -->
        <test-method signature="signUpDataValidationPopUpHome(java.lang.String, java.lang.String, boolean)[pri:0, instance:com.romanceabroad.ui.RegistrationTest@20140db9]" started-at="2021-01-19T18:29:23 EST" name="signUpDataValidationPopUpHome" data-provider="Registration2" finished-at="2021-01-19T18:29:38 EST" duration-ms="14510" status="PASS">
          <params>
            <param index="0">
              <value>
                <![CDATA[sh11wWvHiV@test.com]]>
              </value>
            </param>
            <param index="1">
              <value>
                <![CDATA[SH11zwvSE]]>
              </value>
            </param>
            <param index="2">
              <value>
                <![CDATA[true]]>
              </value>
            </param>
          </params>
          <reporter-output>
          </reporter-output>
        </test-method> <!-- signUpDataValidationPopUpHome -->
        <test-method is-config="true" signature="tearDown()[pri:0, instance:com.romanceabroad.ui.RegistrationTest@20140db9]" started-at="2021-01-19T18:29:38 EST" name="tearDown" finished-at="2021-01-19T18:29:44 EST" duration-ms="5613" status="PASS">
          <reporter-output>
          </reporter-output>
        </test-method> <!-- tearDown -->
        <test-method is-config="true" signature="setup(java.lang.String, java.lang.reflect.Method)[pri:0, instance:com.romanceabroad.ui.RegistrationTest@20140db9]" started-at="2021-01-19T18:29:44 EST" name="setup" finished-at="2021-01-19T18:29:49 EST" duration-ms="5768" status="PASS">
          <params>
            <param index="0">
              <value>
                <![CDATA[chrome]]>
              </value>
            </param>
            <param index="1">
              <value>
                <![CDATA[public void com.romanceabroad.ui.RegistrationTest.signUpDataValidationPopUpHome(java.lang.String,java.lang.String,boolean)]]>
              </value>
            </param>
          </params>
          <reporter-output>
          </reporter-output>
        </test-method> <!-- setup -->
        <test-method signature="signUpDataValidationPopUpHome(java.lang.String, java.lang.String, boolean)[pri:0, instance:com.romanceabroad.ui.RegistrationTest@20140db9]" started-at="2021-01-19T18:29:49 EST" name="signUpDataValidationPopUpHome" data-provider="Registration2" finished-at="2021-01-19T18:29:55 EST" duration-ms="5207" status="PASS">
          <params>
            <param index="0">
              <value>
                <![CDATA[email_bad]]>
              </value>
            </param>
            <param index="1">
              <value>
                <![CDATA[SH11zwvSE]]>
              </value>
            </param>
            <param index="2">
              <value>
                <![CDATA[false]]>
              </value>
            </param>
          </params>
          <reporter-output>
          </reporter-output>
        </test-method> <!-- signUpDataValidationPopUpHome -->
        <test-method is-config="true" signature="tearDown()[pri:0, instance:com.romanceabroad.ui.RegistrationTest@20140db9]" started-at="2021-01-19T18:29:55 EST" name="tearDown" finished-at="2021-01-19T18:30:00 EST" duration-ms="5692" status="PASS">
          <reporter-output>
          </reporter-output>
        </test-method> <!-- tearDown -->
        <test-method is-config="true" signature="setup(java.lang.String, java.lang.reflect.Method)[pri:0, instance:com.romanceabroad.ui.RegistrationTest@20140db9]" started-at="2021-01-19T18:30:00 EST" name="setup" finished-at="2021-01-19T18:30:06 EST" duration-ms="5783" status="PASS">
          <params>
            <param index="0">
              <value>
                <![CDATA[chrome]]>
              </value>
            </param>
            <param index="1">
              <value>
                <![CDATA[public void com.romanceabroad.ui.RegistrationTest.signUpDataValidationPopUpHome(java.lang.String,java.lang.String,boolean)]]>
              </value>
            </param>
          </params>
          <reporter-output>
          </reporter-output>
        </test-method> <!-- setup -->
        <test-method signature="signUpDataValidationPopUpHome(java.lang.String, java.lang.String, boolean)[pri:0, instance:com.romanceabroad.ui.RegistrationTest@20140db9]" started-at="2021-01-19T18:30:06 EST" name="signUpDataValidationPopUpHome" data-provider="Registration2" finished-at="2021-01-19T18:30:17 EST" duration-ms="10485" status="PASS">
          <params>
            <param index="0">
              <value>
                <![CDATA[sh11wWvHiV@test.com]]>
              </value>
            </param>
            <param index="1">
              <value>
                <![CDATA[SH11zwvSE]]>
              </value>
            </param>
            <param index="2">
              <value>
                <![CDATA[true]]>
              </value>
            </param>
          </params>
          <reporter-output>
          </reporter-output>
        </test-method> <!-- signUpDataValidationPopUpHome -->
        <test-method is-config="true" signature="tearDown()[pri:0, instance:com.romanceabroad.ui.RegistrationTest@20140db9]" started-at="2021-01-19T18:30:17 EST" name="tearDown" finished-at="2021-01-19T18:30:22 EST" duration-ms="5634" status="PASS">
          <reporter-output>
          </reporter-output>
        </test-method> <!-- tearDown -->
        <test-method is-config="true" signature="setup(java.lang.String, java.lang.reflect.Method)[pri:0, instance:com.romanceabroad.ui.RegistrationTest@20140db9]" started-at="2021-01-19T18:30:22 EST" name="setup" finished-at="2021-01-19T18:30:28 EST" duration-ms="5742" status="PASS">
          <params>
            <param index="0">
              <value>
                <![CDATA[chrome]]>
              </value>
            </param>
            <param index="1">
              <value>
                <![CDATA[public void com.romanceabroad.ui.RegistrationTest.signUpDataValidationRegistrationPage(java.lang.String,java.lang.String,java.lang.String,java.lang.String,java.lang.String,java.lang.String,java.lang.String,java.lang.String)]]>
              </value>
            </param>
          </params>
          <reporter-output>
          </reporter-output>
        </test-method> <!-- setup -->
        <test-method signature="signUpDataValidationRegistrationPage(java.lang.String, java.lang.String, java.lang.String, java.lang.String, java.lang.String, java.lang.String, java.lang.String, java.lang.String)[pri:0, instance:com.romanceabroad.ui.RegistrationTest@20140db9]" started-at="2021-01-19T18:30:28 EST" name="signUpDataValidationRegistrationPage" data-provider="Registration" finished-at="2021-01-19T18:30:36 EST" duration-ms="8369" status="PASS">
          <params>
            <param index="0">
              <value>
                <![CDATA[email11dda@gmail.com]]>
              </value>
            </param>
            <param index="1">
              <value>
                <![CDATA[MysuperPass33#]]>
              </value>
            </param>
            <param index="2">
              <value>
                <![CDATA[Ruberoid18]]>
              </value>
            </param>
            <param index="3">
              <value>
                <![CDATA[6]]>
              </value>
            </param>
            <param index="4">
              <value>
                <![CDATA[Mar]]>
              </value>
            </param>
            <param index="5">
              <value>
                <![CDATA[1994]]>
              </value>
            </param>
            <param index="6">
              <value>
                <![CDATA[3479652367]]>
              </value>
            </param>
            <param index="7">
              <value>
                <![CDATA[Tampa]]>
              </value>
            </param>
          </params>
          <reporter-output>
          </reporter-output>
        </test-method> <!-- signUpDataValidationRegistrationPage -->
        <test-method is-config="true" signature="tearDown()[pri:0, instance:com.romanceabroad.ui.RegistrationTest@20140db9]" started-at="2021-01-19T18:30:36 EST" name="tearDown" finished-at="2021-01-19T18:30:42 EST" duration-ms="5650" status="PASS">
          <reporter-output>
          </reporter-output>
        </test-method> <!-- tearDown -->
        <test-method is-config="true" signature="setup(java.lang.String, java.lang.reflect.Method)[pri:0, instance:com.romanceabroad.ui.RegistrationTest@20140db9]" started-at="2021-01-19T18:30:42 EST" name="setup" finished-at="2021-01-19T18:30:48 EST" duration-ms="5886" status="PASS">
          <params>
            <param index="0">
              <value>
                <![CDATA[chrome]]>
              </value>
            </param>
            <param index="1">
              <value>
                <![CDATA[public void com.romanceabroad.ui.RegistrationTest.signUpDataValidationRegistrationPage(java.lang.String,java.lang.String,java.lang.String,java.lang.String,java.lang.String,java.lang.String,java.lang.String,java.lang.String)]]>
              </value>
            </param>
          </params>
          <reporter-output>
          </reporter-output>
        </test-method> <!-- setup -->
        <test-method signature="signUpDataValidationRegistrationPage(java.lang.String, java.lang.String, java.lang.String, java.lang.String, java.lang.String, java.lang.String, java.lang.String, java.lang.String)[pri:0, instance:com.romanceabroad.ui.RegistrationTest@20140db9]" started-at="2021-01-19T18:30:48 EST" name="signUpDataValidationRegistrationPage" data-provider="Registration" finished-at="2021-01-19T18:30:56 EST" duration-ms="7932" status="PASS">
          <params>
            <param index="0">
              <value>
                <![CDATA[emailjohn@gmail.com]]>
              </value>
            </param>
            <param index="1">
              <value>
                <![CDATA[MysuperPass33#]]>
              </value>
            </param>
            <param index="2">
              <value>
                <![CDATA[Joker10]]>
              </value>
            </param>
            <param index="3">
              <value>
                <![CDATA[18]]>
              </value>
            </param>
            <param index="4">
              <value>
                <![CDATA[Feb]]>
              </value>
            </param>
            <param index="5">
              <value>
                <![CDATA[1959]]>
              </value>
            </param>
            <param index="6">
              <value>
                <![CDATA[3446546567]]>
              </value>
            </param>
            <param index="7">
              <value>
                <![CDATA[Tampa]]>
              </value>
            </param>
          </params>
          <reporter-output>
          </reporter-output>
        </test-method> <!-- signUpDataValidationRegistrationPage -->
        <test-method is-config="true" signature="tearDown()[pri:0, instance:com.romanceabroad.ui.RegistrationTest@20140db9]" started-at="2021-01-19T18:30:56 EST" name="tearDown" finished-at="2021-01-19T18:31:01 EST" duration-ms="5619" status="PASS">
          <reporter-output>
          </reporter-output>
        </test-method> <!-- tearDown -->
        <test-method is-config="true" signature="setup(java.lang.String, java.lang.reflect.Method)[pri:0, instance:com.romanceabroad.ui.RegistrationTest@20140db9]" started-at="2021-01-19T18:31:01 EST" name="setup" finished-at="2021-01-19T18:31:07 EST" duration-ms="5851" status="PASS">
          <params>
            <param index="0">
              <value>
                <![CDATA[chrome]]>
              </value>
            </param>
            <param index="1">
              <value>
                <![CDATA[public void com.romanceabroad.ui.RegistrationTest.signUpDataValidationRegistrationPage(java.lang.String,java.lang.String,java.lang.String,java.lang.String,java.lang.String,java.lang.String,java.lang.String,java.lang.String)]]>
              </value>
            </param>
          </params>
          <reporter-output>
          </reporter-output>
        </test-method> <!-- setup -->
        <test-method signature="signUpDataValidationRegistrationPage(java.lang.String, java.lang.String, java.lang.String, java.lang.String, java.lang.String, java.lang.String, java.lang.String, java.lang.String)[pri:0, instance:com.romanceabroad.ui.RegistrationTest@20140db9]" started-at="2021-01-19T18:31:07 EST" name="signUpDataValidationRegistrationPage" data-provider="Registration" finished-at="2021-01-19T18:31:15 EST" duration-ms="8178" status="PASS">
          <params>
            <param index="0">
              <value>
                <![CDATA[emailLubov@gmail.com]]>
              </value>
            </param>
            <param index="1">
              <value>
                <![CDATA[MysuperPass33#]]>
              </value>
            </param>
            <param index="2">
              <value>
                <![CDATA[JohnCat11]]>
              </value>
            </param>
            <param index="3">
              <value>
                <![CDATA[9]]>
              </value>
            </param>
            <param index="4">
              <value>
                <![CDATA[May]]>
              </value>
            </param>
            <param index="5">
              <value>
                <![CDATA[1984]]>
              </value>
            </param>
            <param index="6">
              <value>
                <![CDATA[3471423367]]>
              </value>
            </param>
            <param index="7">
              <value>
                <![CDATA[Tampa]]>
              </value>
            </param>
          </params>
          <reporter-output>
          </reporter-output>
        </test-method> <!-- signUpDataValidationRegistrationPage -->
        <test-method is-config="true" signature="tearDown()[pri:0, instance:com.romanceabroad.ui.RegistrationTest@20140db9]" started-at="2021-01-19T18:31:15 EST" name="tearDown" finished-at="2021-01-19T18:31:21 EST" duration-ms="5612" status="PASS">
          <reporter-output>
          </reporter-output>
        </test-method> <!-- tearDown -->
        <test-method is-config="true" signature="setup(java.lang.String, java.lang.reflect.Method)[pri:0, instance:com.romanceabroad.ui.RegistrationTest@20140db9]" started-at="2021-01-19T18:31:21 EST" name="setup" finished-at="2021-01-19T18:31:27 EST" duration-ms="5738" status="PASS">
          <params>
            <param index="0">
              <value>
                <![CDATA[chrome]]>
              </value>
            </param>
            <param index="1">
              <value>
                <![CDATA[public void com.romanceabroad.ui.RegistrationTest.signUpDataValidationRegistrationPage(java.lang.String,java.lang.String,java.lang.String,java.lang.String,java.lang.String,java.lang.String,java.lang.String,java.lang.String)]]>
              </value>
            </param>
          </params>
          <reporter-output>
          </reporter-output>
        </test-method> <!-- setup -->
        <test-method signature="signUpDataValidationRegistrationPage(java.lang.String, java.lang.String, java.lang.String, java.lang.String, java.lang.String, java.lang.String, java.lang.String, java.lang.String)[pri:0, instance:com.romanceabroad.ui.RegistrationTest@20140db9]" started-at="2021-01-19T18:31:27 EST" name="signUpDataValidationRegistrationPage" data-provider="Registration" finished-at="2021-01-19T18:31:35 EST" duration-ms="8103" status="PASS">
          <params>
            <param index="0">
              <value>
                <![CDATA[Mark.K2001@gmail.com]]>
              </value>
            </param>
            <param index="1">
              <value>
                <![CDATA[MysuperPass33#]]>
              </value>
            </param>
            <param index="2">
              <value>
                <![CDATA[lowBoundaryYear]]>
              </value>
            </param>
            <param index="3">
              <value>
                <![CDATA[1]]>
              </value>
            </param>
            <param index="4">
              <value>
                <![CDATA[Jan]]>
              </value>
            </param>
            <param index="5">
              <value>
                <![CDATA[1941]]>
              </value>
            </param>
            <param index="6">
              <value>
                <![CDATA[3479639961]]>
              </value>
            </param>
            <param index="7">
              <value>
                <![CDATA[Tampa]]>
              </value>
            </param>
          </params>
          <reporter-output>
          </reporter-output>
        </test-method> <!-- signUpDataValidationRegistrationPage -->
        <test-method is-config="true" signature="tearDown()[pri:0, instance:com.romanceabroad.ui.RegistrationTest@20140db9]" started-at="2021-01-19T18:31:35 EST" name="tearDown" finished-at="2021-01-19T18:31:40 EST" duration-ms="5629" status="PASS">
          <reporter-output>
          </reporter-output>
        </test-method> <!-- tearDown -->
        <test-method is-config="true" signature="setup(java.lang.String, java.lang.reflect.Method)[pri:0, instance:com.romanceabroad.ui.RegistrationTest@20140db9]" started-at="2021-01-19T18:31:40 EST" name="setup" finished-at="2021-01-19T18:31:47 EST" duration-ms="6260" status="PASS">
          <params>
            <param index="0">
              <value>
                <![CDATA[chrome]]>
              </value>
            </param>
            <param index="1">
              <value>
                <![CDATA[public void com.romanceabroad.ui.RegistrationTest.signUpDataValidationRegistrationPage(java.lang.String,java.lang.String,java.lang.String,java.lang.String,java.lang.String,java.lang.String,java.lang.String,java.lang.String)]]>
              </value>
            </param>
          </params>
          <reporter-output>
          </reporter-output>
        </test-method> <!-- setup -->
        <test-method signature="signUpDataValidationRegistrationPage(java.lang.String, java.lang.String, java.lang.String, java.lang.String, java.lang.String, java.lang.String, java.lang.String, java.lang.String)[pri:0, instance:com.romanceabroad.ui.RegistrationTest@20140db9]" started-at="2021-01-19T18:31:47 EST" name="signUpDataValidationRegistrationPage" data-provider="Registration" finished-at="2021-01-19T18:31:55 EST" duration-ms="7983" status="PASS">
          <params>
            <param index="0">
              <value>
                <![CDATA[Irina87.guru@gmail.com]]>
              </value>
            </param>
            <param index="1">
              <value>
                <![CDATA[MysuperPass33#]]>
              </value>
            </param>
            <param index="2">
              <value>
                <![CDATA[Lancaster]]>
              </value>
            </param>
            <param index="3">
              <value>
                <![CDATA[12]]>
              </value>
            </param>
            <param index="4">
              <value>
                <![CDATA[Jun]]>
              </value>
            </param>
            <param index="5">
              <value>
                <![CDATA[2000]]>
              </value>
            </param>
            <param index="6">
              <value>
                <![CDATA[3473792286]]>
              </value>
            </param>
            <param index="7">
              <value>
                <![CDATA[Tampa]]>
              </value>
            </param>
          </params>
          <reporter-output>
          </reporter-output>
        </test-method> <!-- signUpDataValidationRegistrationPage -->
        <test-method is-config="true" signature="tearDown()[pri:0, instance:com.romanceabroad.ui.RegistrationTest@20140db9]" started-at="2021-01-19T18:31:55 EST" name="tearDown" finished-at="2021-01-19T18:32:00 EST" duration-ms="5618" status="PASS">
          <reporter-output>
          </reporter-output>
        </test-method> <!-- tearDown -->
        <test-method is-config="true" signature="setup(java.lang.String, java.lang.reflect.Method)[pri:0, instance:com.romanceabroad.ui.RegistrationTest@20140db9]" started-at="2021-01-19T18:32:00 EST" name="setup" finished-at="2021-01-19T18:32:06 EST" duration-ms="5915" status="PASS">
          <params>
            <param index="0">
              <value>
                <![CDATA[chrome]]>
              </value>
            </param>
            <param index="1">
              <value>
                <![CDATA[public void com.romanceabroad.ui.RegistrationTest.signUpDataValidationRegistrationPage(java.lang.String,java.lang.String,java.lang.String,java.lang.String,java.lang.String,java.lang.String,java.lang.String,java.lang.String)]]>
              </value>
            </param>
          </params>
          <reporter-output>
          </reporter-output>
        </test-method> <!-- setup -->
        <test-method signature="signUpDataValidationRegistrationPage(java.lang.String, java.lang.String, java.lang.String, java.lang.String, java.lang.String, java.lang.String, java.lang.String, java.lang.String)[pri:0, instance:com.romanceabroad.ui.RegistrationTest@20140db9]" started-at="2021-01-19T18:32:06 EST" name="signUpDataValidationRegistrationPage" data-provider="Registration" finished-at="2021-01-19T18:32:19 EST" duration-ms="12589" status="PASS">
          <params>
            <param index="0">
              <value>
                <![CDATA[wandergarten-paul@gmail.com]]>
              </value>
            </param>
            <param index="1">
              <value>
                <![CDATA[MysuperPass33#]]>
              </value>
            </param>
            <param index="2">
              <value>
                <![CDATA[HighBoundaryYear]]>
              </value>
            </param>
            <param index="3">
              <value>
                <![CDATA[31]]>
              </value>
            </param>
            <param index="4">
              <value>
                <![CDATA[Dec]]>
              </value>
            </param>
            <param index="5">
              <value>
                <![CDATA[2003]]>
              </value>
            </param>
            <param index="6">
              <value>
                <![CDATA[3471499382]]>
              </value>
            </param>
            <param index="7">
              <value>
                <![CDATA[Tampa]]>
              </value>
            </param>
          </params>
          <reporter-output>
          </reporter-output>
        </test-method> <!-- signUpDataValidationRegistrationPage -->
        <test-method is-config="true" signature="tearDown()[pri:0, instance:com.romanceabroad.ui.RegistrationTest@20140db9]" started-at="2021-01-19T18:32:19 EST" name="tearDown" finished-at="2021-01-19T18:32:24 EST" duration-ms="5615" status="PASS">
          <reporter-output>
          </reporter-output>
        </test-method> <!-- tearDown -->
      </class> <!-- com.romanceabroad.ui.RegistrationTest -->
    </test> <!-- ChromeTestCasesRegistration -->
  </suite> <!-- TestSuite -->
</testng-results>
