<?xml version="1.0" encoding="UTF-8"?>
<testng-results ignored="0" total="0" passed="0" failed="0" skipped="0">
  <reporter-output>
  </reporter-output>
  <suite started-at="2021-01-20T16:15:08 EST" name="TestSuite" finished-at="2021-01-20T16:15:08 EST" duration-ms="0">
    <groups>
    </groups>
  </suite> <!-- TestSuite -->
  <suite started-at="2021-01-20T16:15:08 EST" name="TestSuite (0)" finished-at="2021-01-20T16:15:08 EST" duration-ms="0">
    <groups>
    </groups>
  </suite> <!-- TestSuite (0) -->
</testng-results>
