<?xml version="1.0" encoding="UTF-8"?>
<testsuite xmlns:xsi="http://www.w3.org/2001/XMLSchema-instance" xsi:noNamespaceSchemaLocation="https://maven.apache.org/surefire/maven-surefire-plugin/xsd/surefire-test-report-3.0.xsd" version="3.0" name="TestSuite" time="199.238" tests="9" errors="0" skipped="0" failures="3">
  <properties>
[...]
</properties>
  <testcase name="signUpDataValidationPopUpHome[sh11Kwvuwe@test.com, SH11EKtjN, true](1)" classname="com.romanceabroad.ui.RegistrationTest" time="11.698">
    <system-out><![CDATA[[TestNGContentHandler] [WARN] It is strongly recommended to add "<!DOCTYPE suite SYSTEM "https://testng.org/testng-1.0.dtd" >" at the top of your file, otherwise TestNG may fail or not work as expected.
days doesn't match. Provided: 6. list argument is 1
days doesn't match. Provided: 6. list argument is 2
days doesn't match. Provided: 6. list argument is 3
days doesn't match. Provided: 6. list argument is 4
days doesn't match. Provided: 6. list argument is 5
days matched - 6 = 6
months doesn't match. Provided: Feb. list argument is Jan
months matched - Feb = Feb
years doesn't match. Provided: 1977. list argument is 2003
years doesn't match. Provided: 1977. list argument is 2002
years doesn't match. Provided: 1977. list argument is 2001
years doesn't match. Provided: 1977. list argument is 2000
years doesn't match. Provided: 1977. list argument is 1999
years doesn't match. Provided: 1977. list argument is 1998
years doesn't match. Provided: 1977. list argument is 1997
years doesn't match. Provided: 1977. list argument is 1996
years doesn't match. Provided: 1977. list argument is 1995
years doesn't match. Provided: 1977. list argument is 1994
years doesn't match. Provided: 1977. list argument is 1993
years doesn't match. Provided: 1977. list argument is 1992
years doesn't match. Provided: 1977. list argument is 1991
years doesn't match. Provided: 1977. list argument is 1990
years doesn't match. Provided: 1977. list argument is 1989
years doesn't match. Provided: 1977. list argument is 1988
years doesn't match. Provided: 1977. list argument is 1987
years doesn't match. Provided: 1977. list argument is 1986
years doesn't match. Provided: 1977. list argument is 1985
years doesn't match. Provided: 1977. list argument is 1984
years doesn't match. Provided: 1977. list argument is 1983
years doesn't match. Provided: 1977. list argument is 1982
years doesn't match. Provided: 1977. list argument is 1981
years doesn't match. Provided: 1977. list argument is 1980
years doesn't match. Provided: 1977. list argument is 1979
years doesn't match. Provided: 1977. list argument is 1978
years matched - 1977 = 1977
]]></system-out>
    <system-err><![CDATA[Starting ChromeDriver 86.0.4240.22 (398b0743353ff36fb1b82468f63a3a93b4e2e89e-refs/branch-heads/4240@{#378}) on port 37531
Only local connections are allowed.
Please see https://chromedriver.chromium.org/security-considerations for suggestions on keeping ChromeDriver safe.
ChromeDriver was started successfully.
[1611098505.294][WARNING]: This version of ChromeDriver has not been tested with Chrome version 87.
Jan 19, 2021 6:21:47 PM org.openqa.selenium.remote.ProtocolHandshake createSession
INFO: Detected dialect: W3C
]]></system-err>
  </testcase>
  <testcase name="signUpDataValidationPopUpHome[email_bad, SH11EKtjN, false](2)" classname="com.romanceabroad.ui.RegistrationTest" time="5.303">
    <system-out><![CDATA[Negative test passed. Error tooltip occurred
]]></system-out>
    <system-err><![CDATA[Starting ChromeDriver 86.0.4240.22 (398b0743353ff36fb1b82468f63a3a93b4e2e89e-refs/branch-heads/4240@{#378}) on port 21635
Only local connections are allowed.
Please see https://chromedriver.chromium.org/security-considerations for suggestions on keeping ChromeDriver safe.
ChromeDriver was started successfully.
[1611098531.497][WARNING]: This version of ChromeDriver has not been tested with Chrome version 87.
Jan 19, 2021 6:22:13 PM org.openqa.selenium.remote.ProtocolHandshake createSession
INFO: Detected dialect: W3C
]]></system-err>
  </testcase>
  <testcase name="signUpDataValidationPopUpHome[sh11Kwvuwe@test.com, SH11EKtjN, true](3)" classname="com.romanceabroad.ui.RegistrationTest" time="3.371">
    <failure message="element not interactable&#10;  (Session info: chrome=87.0.4280.141)&#10;Build info: version: &apos;3.141.59&apos;, revision: &apos;e82be7d358&apos;, time: &apos;2018-11-14T08:17:03&apos;&#10;System info: host: &apos;DESKTOP-A602HLO&apos;, ip: &apos;192.168.50.26&apos;, os.name: &apos;Windows 10&apos;, os.arch: &apos;amd64&apos;, os.version: &apos;10.0&apos;, java.version: &apos;13.0.2&apos;&#10;Driver info: org.openqa.selenium.chrome.ChromeDriver&#10;Capabilities {acceptInsecureCerts: false, browserName: chrome, browserVersion: 87.0.4280.141, chrome: {chromedriverVersion: 86.0.4240.22 (398b0743353ff..., userDataDir: C:\WINDOWS\TEMP\scoped_dir1...}, goog:chromeOptions: {debuggerAddress: localhost:55581}, javascriptEnabled: true, networkConnectionEnabled: false, pageLoadStrategy: normal, platform: WINDOWS, platformName: WINDOWS, proxy: Proxy(), setWindowRect: true, strictFileInteractability: false, timeouts: {implicit: 0, pageLoad: 300000, script: 30000}, unhandledPromptBehavior: dismiss and notify, webauthn:virtualAuthenticators: true}&#10;Session ID: 3dd09420ad18fb90260ab16fb510ddae" type="org.openqa.selenium.ElementNotInteractableException"><![CDATA[org.openqa.selenium.ElementNotInteractableException: 
element not interactable
  (Session info: chrome=87.0.4280.141)
Build info: version: '3.141.59', revision: 'e82be7d358', time: '2018-11-14T08:17:03'
System info: host: 'DESKTOP-A602HLO', ip: '192.168.50.26', os.name: 'Windows 10', os.arch: 'amd64', os.version: '10.0', java.version: '13.0.2'
Driver info: org.openqa.selenium.chrome.ChromeDriver
Capabilities {acceptInsecureCerts: false, browserName: chrome, browserVersion: 87.0.4280.141, chrome: {chromedriverVersion: 86.0.4240.22 (398b0743353ff..., userDataDir: C:\WINDOWS\TEMP\scoped_dir1...}, goog:chromeOptions: {debuggerAddress: localhost:55581}, javascriptEnabled: true, networkConnectionEnabled: false, pageLoadStrategy: normal, platform: WINDOWS, platformName: WINDOWS, proxy: Proxy(), setWindowRect: true, strictFileInteractability: false, timeouts: {implicit: 0, pageLoad: 300000, script: 30000}, unhandledPromptBehavior: dismiss and notify, webauthn:virtualAuthenticators: true}
Session ID: 3dd09420ad18fb90260ab16fb510ddae
	at com.romanceabroad.ui.RegistrationTest.signUpDataValidationPopUpHome(RegistrationTest.java:49)
]]></failure>
    <system-err><![CDATA[Starting ChromeDriver 86.0.4240.22 (398b0743353ff36fb1b82468f63a3a93b4e2e89e-refs/branch-heads/4240@{#378}) on port 40170
Only local connections are allowed.
Please see https://chromedriver.chromium.org/security-considerations for suggestions on keeping ChromeDriver safe.
ChromeDriver was started successfully.
[1611098549.330][WARNING]: This version of ChromeDriver has not been tested with Chrome version 87.
Jan 19, 2021 6:22:31 PM org.openqa.selenium.remote.ProtocolHandshake createSession
INFO: Detected dialect: W3C
]]></system-err>
  </testcase>
  <testcase name="signUpDataValidationRegistrationPage[email11dda@gmail.com, MysuperPass33#, Ruberoid18, 6, Mar, 1994, 3479652367, Tampa](1)" classname="com.romanceabroad.ui.RegistrationTest" time="9.178">
    <system-err><![CDATA[Starting ChromeDriver 86.0.4240.22 (398b0743353ff36fb1b82468f63a3a93b4e2e89e-refs/branch-heads/4240@{#378}) on port 5694
Only local connections are allowed.
Please see https://chromedriver.chromium.org/security-considerations for suggestions on keeping ChromeDriver safe.
ChromeDriver was started successfully.
[1611098564.299][WARNING]: This version of ChromeDriver has not been tested with Chrome version 87.
Jan 19, 2021 6:22:46 PM org.openqa.selenium.remote.ProtocolHandshake createSession
INFO: Detected dialect: W3C
]]></system-err>
  </testcase>
  <testcase name="signUpDataValidationRegistrationPage[emailjohn@gmail.com, MysuperPass33#, Joker10, 18, Feb, 2059, 3446546567, Tampa](2)" classname="com.romanceabroad.ui.RegistrationTest" time="27.523">
    <failure message="Cannot locate element with text: 2059&#10;For documentation on this error, please visit: https://www.seleniumhq.org/exceptions/no_such_element.html&#10;Build info: version: &apos;3.141.59&apos;, revision: &apos;e82be7d358&apos;, time: &apos;2018-11-14T08:17:03&apos;&#10;System info: host: &apos;DESKTOP-A602HLO&apos;, ip: &apos;192.168.50.26&apos;, os.name: &apos;Windows 10&apos;, os.arch: &apos;amd64&apos;, os.version: &apos;10.0&apos;, java.version: &apos;13.0.2&apos;&#10;Driver info: driver.version: unknown" type="org.openqa.selenium.NoSuchElementException"><![CDATA[org.openqa.selenium.NoSuchElementException: 
Cannot locate element with text: 2059
For documentation on this error, please visit: https://www.seleniumhq.org/exceptions/no_such_element.html
Build info: version: '3.141.59', revision: 'e82be7d358', time: '2018-11-14T08:17:03'
System info: host: 'DESKTOP-A602HLO', ip: '192.168.50.26', os.name: 'Windows 10', os.arch: 'amd64', os.version: '10.0', java.version: '13.0.2'
Driver info: driver.version: unknown
	at com.romanceabroad.ui.RegistrationTest.signUpDataValidationRegistrationPage(RegistrationTest.java:76)
]]></failure>
    <system-err><![CDATA[Starting ChromeDriver 86.0.4240.22 (398b0743353ff36fb1b82468f63a3a93b4e2e89e-refs/branch-heads/4240@{#378}) on port 29303
Only local connections are allowed.
Please see https://chromedriver.chromium.org/security-considerations for suggestions on keeping ChromeDriver safe.
ChromeDriver was started successfully.
[1611098585.270][WARNING]: This version of ChromeDriver has not been tested with Chrome version 87.
Jan 19, 2021 6:23:07 PM org.openqa.selenium.remote.ProtocolHandshake createSession
INFO: Detected dialect: W3C
]]></system-err>
  </testcase>
  <testcase name="signUpDataValidationRegistrationPage[emailLubov@gmail.com, MysuperPass33#, JohnCat11, 9, May, 1984, 3471423367, Tampa](3)" classname="com.romanceabroad.ui.RegistrationTest" time="8.201">
    <system-err><![CDATA[Starting ChromeDriver 86.0.4240.22 (398b0743353ff36fb1b82468f63a3a93b4e2e89e-refs/branch-heads/4240@{#378}) on port 40185
Only local connections are allowed.
Please see https://chromedriver.chromium.org/security-considerations for suggestions on keeping ChromeDriver safe.
ChromeDriver was started successfully.
[1611098624.495][WARNING]: This version of ChromeDriver has not been tested with Chrome version 87.
Jan 19, 2021 6:23:46 PM org.openqa.selenium.remote.ProtocolHandshake createSession
INFO: Detected dialect: W3C
]]></system-err>
  </testcase>
  <testcase name="signUpDataValidationRegistrationPage[Mark.K2001@gmail.com, MysuperPass33#, lowBoundaryYear, 01, Jan, 1941, 3479639961, Tampa](4)" classname="com.romanceabroad.ui.RegistrationTest" time="5.459">
    <failure message="Cannot locate element with text: 01&#10;For documentation on this error, please visit: https://www.seleniumhq.org/exceptions/no_such_element.html&#10;Build info: version: &apos;3.141.59&apos;, revision: &apos;e82be7d358&apos;, time: &apos;2018-11-14T08:17:03&apos;&#10;System info: host: &apos;DESKTOP-A602HLO&apos;, ip: &apos;192.168.50.26&apos;, os.name: &apos;Windows 10&apos;, os.arch: &apos;amd64&apos;, os.version: &apos;10.0&apos;, java.version: &apos;13.0.2&apos;&#10;Driver info: driver.version: unknown" type="org.openqa.selenium.NoSuchElementException"><![CDATA[org.openqa.selenium.NoSuchElementException: 
Cannot locate element with text: 01
For documentation on this error, please visit: https://www.seleniumhq.org/exceptions/no_such_element.html
Build info: version: '3.141.59', revision: 'e82be7d358', time: '2018-11-14T08:17:03'
System info: host: 'DESKTOP-A602HLO', ip: '192.168.50.26', os.name: 'Windows 10', os.arch: 'amd64', os.version: '10.0', java.version: '13.0.2'
Driver info: driver.version: unknown
	at com.romanceabroad.ui.RegistrationTest.signUpDataValidationRegistrationPage(RegistrationTest.java:76)
]]></failure>
    <system-err><![CDATA[Starting ChromeDriver 86.0.4240.22 (398b0743353ff36fb1b82468f63a3a93b4e2e89e-refs/branch-heads/4240@{#378}) on port 46848
Only local connections are allowed.
Please see https://chromedriver.chromium.org/security-considerations for suggestions on keeping ChromeDriver safe.
ChromeDriver was started successfully.
[1611098644.178][WARNING]: This version of ChromeDriver has not been tested with Chrome version 87.
Jan 19, 2021 6:24:06 PM org.openqa.selenium.remote.ProtocolHandshake createSession
INFO: Detected dialect: W3C
]]></system-err>
  </testcase>
  <testcase name="signUpDataValidationRegistrationPage[Irina87.guru@gmail.com, MysuperPass33#, Lancaster, 12, Jun, 2000, 3473792286, Tampa](5)" classname="com.romanceabroad.ui.RegistrationTest" time="8.273">
    <system-err><![CDATA[Starting ChromeDriver 86.0.4240.22 (398b0743353ff36fb1b82468f63a3a93b4e2e89e-refs/branch-heads/4240@{#378}) on port 44180
Only local connections are allowed.
Please see https://chromedriver.chromium.org/security-considerations for suggestions on keeping ChromeDriver safe.
ChromeDriver was started successfully.
[1611098661.124][WARNING]: This version of ChromeDriver has not been tested with Chrome version 87.
Jan 19, 2021 6:24:23 PM org.openqa.selenium.remote.ProtocolHandshake createSession
INFO: Detected dialect: W3C
]]></system-err>
  </testcase>
  <testcase name="signUpDataValidationRegistrationPage[wandergarten-paul@gmail.com, MysuperPass33#, HighBoundaryYear, 31, Dec, 2003, 3471499382, Tampa](6)" classname="com.romanceabroad.ui.RegistrationTest" time="8.279">
    <system-err><![CDATA[Starting ChromeDriver 86.0.4240.22 (398b0743353ff36fb1b82468f63a3a93b4e2e89e-refs/branch-heads/4240@{#378}) on port 43275
Only local connections are allowed.
Please see https://chromedriver.chromium.org/security-considerations for suggestions on keeping ChromeDriver safe.
ChromeDriver was started successfully.
[1611098680.965][WARNING]: This version of ChromeDriver has not been tested with Chrome version 87.
Jan 19, 2021 6:24:43 PM org.openqa.selenium.remote.ProtocolHandshake createSession
INFO: Detected dialect: W3C
]]></system-err>
  </testcase>
</testsuite>