<?xml version="1.0" encoding="UTF-8"?>
<!-- Generated by org.testng.reporters.JUnitXMLReporter -->
<testsuite ignored="0" hostname="DESKTOP-A602HLO" failures="0" tests="9" name="ChromeTestCasesRegistration" time="188.577" errors="0" timestamp="2021-01-19T18:32:24 EST">
  <testcase classname="com.romanceabroad.ui.RegistrationTest" name="signUpDataValidationPopUpHome" time="14.51"/>
  <testcase classname="com.romanceabroad.ui.RegistrationTest" name="signUpDataValidationPopUpHome" time="5.207"/>
  <testcase classname="com.romanceabroad.ui.RegistrationTest" name="signUpDataValidationPopUpHome" time="10.485"/>
  <testcase classname="com.romanceabroad.ui.RegistrationTest" name="signUpDataValidationRegistrationPage" time="8.369"/>
  <testcase classname="com.romanceabroad.ui.RegistrationTest" name="signUpDataValidationRegistrationPage" time="7.932"/>
  <testcase classname="com.romanceabroad.ui.RegistrationTest" name="signUpDataValidationRegistrationPage" time="8.178"/>
  <testcase classname="com.romanceabroad.ui.RegistrationTest" name="signUpDataValidationRegistrationPage" time="8.103"/>
  <testcase classname="com.romanceabroad.ui.RegistrationTest" name="signUpDataValidationRegistrationPage" time="7.983"/>
  <testcase classname="com.romanceabroad.ui.RegistrationTest" name="signUpDataValidationRegistrationPage" time="12.589"/>
</testsuite> <!-- ChromeTestCasesRegistration -->
