<?xml version="1.0" encoding="UTF-8"?>
<testng-results ignored="1" total="3" passed="2" failed="0" skipped="0">
  <reporter-output>
  </reporter-output>
  <suite started-at="2021-01-20T16:17:49 EST" name="TestSuite" finished-at="2021-01-20T16:17:49 EST" duration-ms="0">
    <groups>
    </groups>
  </suite> <!-- TestSuite -->
  <suite started-at="2021-01-20T16:17:45 EST" name="TestSuite (0)" finished-at="2021-01-20T16:17:49 EST" duration-ms="4360">
    <groups>
    </groups>
    <test started-at="2021-01-20T16:17:45 EST" name="APITests" finished-at="2021-01-20T16:17:49 EST" duration-ms="4360">
      <class name="APItests.APITestCOVID">
        <test-method signature="testAPIGetData()[pri:0, instance:APItests.APITestCOVID@783a467b]" started-at="2021-01-20T16:17:45 EST" name="testAPIGetData" finished-at="2021-01-20T16:17:48 EST" duration-ms="3548" status="PASS">
          <reporter-output>
          </reporter-output>
        </test-method> <!-- testAPIGetData -->
        <test-method signature="testAPIGetCountryData(java.lang.String)[pri:0, instance:APItests.APITestCOVID@783a467b]" started-at="2021-01-20T16:17:48 EST" name="testAPIGetCountryData" finished-at="2021-01-20T16:17:49 EST" duration-ms="760" status="PASS">
          <params>
            <param index="0">
              <value>
                <![CDATA[All]]>
              </value>
            </param>
          </params>
          <reporter-output>
          </reporter-output>
        </test-method> <!-- testAPIGetCountryData -->
      </class> <!-- APItests.APITestCOVID -->
    </test> <!-- APITests -->
  </suite> <!-- TestSuite (0) -->
</testng-results>
