<?xml version="1.0" encoding="UTF-8"?>
<testsuite xmlns:xsi="http://www.w3.org/2001/XMLSchema-instance" xsi:noNamespaceSchemaLocation="https://maven.apache.org/surefire/maven-surefire-plugin/xsd/surefire-test-report-3.0.xsd" version="3.0" name="TestSuite" time="7.876" tests="2" errors="0" skipped="0" failures="0">
  <properties>
[...]
</properties>
  <testcase name="testAPIGetData" classname="APItests.APITestCOVID" time="5.306">
    <system-out><![CDATA[[TestNGContentHandler] [WARN] It is strongly recommended to add "<!DOCTYPE suite SYSTEM "https://testng.org/testng-1.0.dtd" >" at the top of your file, otherwise TestNG may fail or not work as expected.
1829
200
Date -  Tue, 19 Jan 2021 23:37:51 GMT
Afghanistan - 54278
Africa - 3323911
Albania - 68568
Algeria - 104341
All - 96564305
Andorra - 9194
Angola - 19011
Anguilla - 15
Antigua-and-Barbuda - 190
Argentina - 1819569
Armenia - 164912
Aruba - 6523
Asia - 22195368
Australia - 28730
Austria - 396425
Azerbaijan - 227696
Bahamas - 8067
Bahrain - 98260
Bangladesh - 529031
Barbados - 1095
Belarus - 228716
Belgium - 679771
Belize - 11592
Benin - 3413
Bermuda - 683
Bhutan - 848
Bolivia - 188733
Bosnia-and-Herzegovina - 118383
Botswana - 18630
Brazil - 8575742
British-Virgin-Islands - 114
Brunei - 174
Bulgaria - 212927
Burkina-Faso - 9352
Burundi - 1245
CAR - 4973
Cabo-Verde - 13046
Cambodia - 441
Cameroon - 28010
Canada - 718488
Caribbean-Netherlands - 360
Cayman-Islands - 380
Chad - 2919
Channel-Islands - 3370
Chile - 677151
China - 88454
Colombia - 1939071
Comoros - 1864
Congo - 7709
Costa-Rica - 186877
Croatia - 225648
Cuba - 18773
Cura&ccedil;ao - 4527
Cyprus - 29294
Czechia - 899503
DRC - 21140
Denmark - 190619
Diamond-Princess - 712
Diamond-Princess- - 712
Djibouti - 5910
Dominica - 110
Dominican-Republic - 196591
Ecuador - 232568
Egypt - 158174
El-Salvador - 51437
Equatorial-Guinea - 5365
Eritrea - 1877
Estonia - 37941
Eswatini - 13443
Ethiopia - 131727
Europe - 27904778
Faeroe-Islands - 650
Falkland-Islands - 32
Fiji - 55
Finland - 40722
France - 2938333
French-Guiana - 15187
French-Polynesia - 17697
Gabon - 10019
Gambia - 3933
Georgia - 249465
Germany - 2071473
Ghana - 58431
Gibraltar - 3793
Greece - 149462
Greenland - 30
Grenada - 139
Guadeloupe - 8886
Guam - 32
Guatemala - 150277
Guinea - 14165
Guinea-Bissau - 2510
Guyana - 6931
Haiti - 10907
Honduras - 134938
Hong-Kong - 9721
Hungary - 353276
Iceland - 5970
India - 10596228
Indonesia - 927380
Iran - 1342134
Iraq - 609852
Ireland - 176839
Isle-of-Man - 432
Israel - 565629
Italy - 2400598
Ivory-Coast - 25383
Jamaica - 14419
Japan - 334328
Jordan - 316427
Kazakhstan - 170098
Kenya - 99308
Kuwait - 158822
Kyrgyzstan - 83268
Laos - 41
Latvia - 56720
Lebanon - 260315
Lesotho - 7018
Liberia - 1898
Libya - 110465
Liechtenstein - 2398
Lithuania - 168708
Luxembourg - 48975
MS-Zaandam - 9
MS-Zaandam- - 9
Macao - 46
Madagascar - 18301
Malawi - 13880
Malaysia - 165371
Maldives - 14633
Mali - 7880
Malta - 15942
Marshall-Islands - 4
Martinique - 6263
Mauritania - 16147
Mauritius - 556
Mayotte - 6789
Mexico - 1649502
Micronesia - 1
Moldova - 153506
Monaco - 1240
Mongolia - 1536
Montenegro - 56228
Montserrat - 13
Morocco - 461390
Mozambique - 28270
Myanmar - 135243
Namibia - 30995
Nepal - 267992
Netherlands - 921580
New-Caledonia - 44
New-Zealand - 2262
Nicaragua - 6152
Niger - 4204
Nigeria - 113305
North-America - 28281217
North-Macedonia - 89392
Norway - 59254
Oceania - 49651
Oman - 132146
Pakistan - 523011
Palestine - 153093
Panama - 299361
Papua-New-Guinea - 834
Paraguay - 123359
Peru - 1068802
Philippines - 504084
Poland - 1443804
Portugal - 566958
Puerto-Rico - 39
Qatar - 147729
R&eacute;union - 9522
Romania - 697898
Russia - 3612800
Rwanda - 11548
S-Korea - 73115
Saint-Kitts-and-Nevis - 35
Saint-Lucia - 656
Saint-Martin - 1076
Saint-Pierre-Miquelon - 16
Samoa - 2
San-Marino - 2803
Sao-Tome-and-Principe - 1142
Saudi-Arabia - 365325
Senegal - 23392
Serbia - 375799
Seychelles - 746
Sierra-Leone - 3014
Singapore - 59157
Sint-Maarten - 1669
Slovakia - 226294
Slovenia - 151137
Solomon-Islands - 17
Somalia - 4744
South-Africa - 1356716
South-America - 14808659
South-Sudan - 3703
Spain - 2370742
Sri-Lanka - 54087
St-Barth - 251
St-Vincent-Grenadines - 540
Sudan - 26279
Suriname - 7624
Sweden - 533265
Switzerland - 502191
Syria - 13132
Taiwan - 868
Tajikistan - 13308
Tanzania - 509
Thailand - 12594
Timor-Leste - 52
Togo - 4383
Trinidad-and-Tobago - 7415
Tunisia - 184483
Turkey - 2399781
Turks-and-Caicos - 1105
UAE - 260223
UK - 3466849
US-Virgin-Islands - 17
USA - 24781745
Uganda - 38534
Ukraine - 1167655
Uruguay - 33446
Uzbekistan - 78091
Vanuatu - 1
Vatican-City - 27
Venezuela - 120444
Vietnam - 1540
Wallis-and-Futuna - 4
Western-Sahara - 10
Yemen - 2115
Zambia - 39515
Zimbabwe - 28675
Here is API data: 96564305
]]></system-out>
  </testcase>
  <testcase name="testAPIGetCountryData[All](1)" classname="APItests.APITestCOVID" time="0.842">
    <system-out><![CDATA[{
    "get": "statistics",
    "parameters": {
        "country": "All"
    },
    "errors": [
        
    ],
    "results": 1,
    "response": [
        {
            "continent": "All",
            "country": "All",
            "population": null,
            "cases": {
                "new": "+550629",
                "active": 25296978,
                "critical": 112041,
                "recovered": 69204028,
                "1M_pop": "12388",
                "total": 96564305
            },
            "deaths": {
                "new": "+13993",
                "1M_pop": "264.7",
                "total": 2063299
            },
            "tests": {
                "1M_pop": null,
                "total": null
            },
            "day": "2021-01-19",
            "time": "2021-01-19T23:15:06+00:00"
        }
    ]
}
752
200
Date -  Tue, 19 Jan 2021 23:37:54 GMT
Here is API data: [96564305]
]]></system-out>
  </testcase>
</testsuite>