<?xml version="1.0" encoding="UTF-8"?>
<testng-results ignored="0" total="2" passed="2" failed="0" skipped="0">
  <reporter-output>
  </reporter-output>
  <suite started-at="2021-01-19T18:37:47 EST" name="TestSuite" finished-at="2021-01-19T18:37:53 EST" duration-ms="6200">
    <groups>
    </groups>
    <test started-at="2021-01-19T18:37:47 EST" name="APITests" finished-at="2021-01-19T18:37:53 EST" duration-ms="6200">
      <class name="APItests.APITestCOVID">
        <test-method signature="testAPIGetData()[pri:0, instance:APItests.APITestCOVID@54e1c68b]" started-at="2021-01-19T18:37:47 EST" name="testAPIGetData" finished-at="2021-01-19T18:37:52 EST" duration-ms="5275" status="PASS">
          <reporter-output>
          </reporter-output>
        </test-method> <!-- testAPIGetData -->
        <test-method signature="testAPIGetCountryData(java.lang.String)[pri:0, instance:APItests.APITestCOVID@54e1c68b]" started-at="2021-01-19T18:37:52 EST" name="testAPIGetCountryData" finished-at="2021-01-19T18:37:53 EST" duration-ms="860" status="PASS">
          <params>
            <param index="0">
              <value>
                <![CDATA[All]]>
              </value>
            </param>
          </params>
          <reporter-output>
          </reporter-output>
        </test-method> <!-- testAPIGetCountryData -->
      </class> <!-- APItests.APITestCOVID -->
    </test> <!-- APITests -->
  </suite> <!-- TestSuite -->
</testng-results>
